<?xml version="1.0" encoding="UTF-8"?>
<Site BuildName="(empty)"
	BuildStamp="20250530-1602-Experimental"
	Name="goodboy-NUC11PHi7"
	Generator="ctest-3.16.3"
	CompilerName="/usr/bin/c++"
	CompilerVersion="9.4.0"
	OSName="Linux"
	Hostname="goodboy-NUC11PHi7"
	OSRelease="5.15.0-139-generic"
	OSVersion="#149~20.04.1-Ubuntu SMP Wed Apr 16 08:29:56 UTC 2025"
	OSPlatform="x86_64"
	Is64Bits="1"
	VendorString="GenuineIntel"
	VendorID="Intel Corporation"
	FamilyID="6"
	ModelID="140"
	ProcessorCacheSize="12288"
	NumberOfLogicalCPU="8"
	NumberOfPhysicalCPU="4"
	TotalVirtualMemory="2047"
	TotalPhysicalMemory="31758"
	LogicalProcessorsPerPhysical="2"
	ProcessorClockFrequency="3983.56"
	>
	<Testing>
		<StartDateTime>May 31 00:28 CST</StartDateTime>
		<StartTestTime>1748622518</StartTestTime>
		<TestList/>
		<EndDateTime>May 31 00:28 CST</EndDateTime>
		<EndTestTime>1748622518</EndTestTime>
		<ElapsedMinutes>0</ElapsedMinutes>
	</Testing>
</Site>
